<?xml version="1.0" encoding="UTF-8"?>
<!-- Generated by org.testng.reporters.JUnitReportReporter -->
<testsuite hostname="DESKTOP-KIC7M9O" failures="0" tests="1" name="learningtestNG.CreateAccount" time="11.488" errors="0" timestamp="2023-03-19T12:00:15 EDT" skipped="0">
  <testcase classname="learningtestNG.CreateAccount" name="registerforaccount" time="11.488"/>
  <system-out/>
</testsuite> <!-- learningtestNG.CreateAccount -->
