<?xml version="1.0" encoding="UTF-8"?>
<!-- Generated by org.testng.reporters.JUnitReportReporter -->
<testsuite hostname="DESKTOP-KIC7M9O" failures="0" tests="2" name="learningtestNG.Practicecoding03122023" time="31.223" errors="0" timestamp="2023-03-12T12:29:01 EDT" skipped="0">
  <testcase classname="learningtestNG.Practicecoding03122023" name="loginWithValidCredentials" time="21.418"/>
  <system-out/>
  <testcase classname="learningtestNG.Practicecoding03122023" name="loginWithInvalidCredentials" time="9.805"/>
  <system-out/>
</testsuite> <!-- learningtestNG.Practicecoding03122023 -->
