<?xml version="1.0" encoding="UTF-8"?>
<!-- Generated by org.testng.reporters.JUnitReportReporter -->
<testsuite hostname="DESKTOP-KIC7M9O" failures="0" tests="1" name="com.Facebook.Dropdown.Menu.CreateTwitteraccount" time="6.941" errors="0" timestamp="2023-03-26T02:02:24 EDT" skipped="0">
  <testcase classname="com.Facebook.Dropdown.Menu.CreateTwitteraccount" name="ClickOnCreate" time="6.941"/>
  <system-out/>
</testsuite> <!-- com.Facebook.Dropdown.Menu.CreateTwitteraccount -->
