<?xml version="1.0" encoding="UTF-8"?>
<!-- Generated by org.testng.reporters.JUnitReportReporter -->
<testsuite hostname="DESKTOP-KIC7M9O" failures="0" tests="2" name="learningtestNG.TestNG_Annotations" time="0.064" errors="0" timestamp="2023-03-12T11:26:10 EDT" skipped="0">
  <testcase classname="learningtestNG.TestNG_Annotations" name="testCaseAnnotation" time="0.006"/>
  <system-out/>
  <testcase classname="learningtestNG.TestNG_Annotations" name="testCase2Annotation" time="0.058"/>
  <system-out/>
</testsuite> <!-- learningtestNG.TestNG_Annotations -->
