<?xml version="1.0" encoding="UTF-8"?>
<!-- Generated by org.testng.reporters.JUnitReportReporter -->
<testsuite hostname="DESKTOP-KIC7M9O" failures="0" tests="1" name="april_08_2023.CreateRediffEmail" time="12.853" errors="0" timestamp="2023-04-08T11:50:19 EDT" skipped="0">
  <testcase classname="april_08_2023.CreateRediffEmail" name="CreateLogin" time="12.853"/>
  <system-out/>
</testsuite> <!-- april_08_2023.CreateRediffEmail -->
