<?xml version="1.0" encoding="UTF-8"?>
<!-- Generated by org.testng.reporters.JUnitReportReporter -->
<testsuite hostname="DESKTOP-KIC7M9O" failures="0" tests="7" name="com.java.code.TestNG_03_18_2023" time="0.074" errors="0" timestamp="2023-03-18T11:03:05 EDT" skipped="0">
  <testcase classname="com.java.code.TestNG_03_18_2023" name="sample1" time="0.046"/>
  <system-out/>
  <testcase classname="com.java.code.TestNG_03_18_2023" name="sample3" time="0.005"/>
  <system-out/>
  <testcase classname="com.java.code.TestNG_03_18_2023" name="sample3" time="0.007"/>
  <system-out/>
  <testcase classname="com.java.code.TestNG_03_18_2023" name="sample2" time="0.002"/>
  <system-out/>
  <testcase classname="com.java.code.TestNG_03_18_2023" name="sample3" time="0.006"/>
  <system-out/>
  <testcase classname="com.java.code.TestNG_03_18_2023" name="sample3" time="0.003"/>
  <system-out/>
  <testcase classname="com.java.code.TestNG_03_18_2023" name="sample3" time="0.005"/>
  <system-out/>
</testsuite> <!-- com.java.code.TestNG_03_18_2023 -->
