<?xml version="1.0" encoding="UTF-8"?>
<!-- Generated by org.testng.reporters.JUnitReportReporter -->
<testsuite hostname="DESKTOP-KIC7M9O" failures="0" tests="3" name="learningtestNG.Moreconceptsinautomation" time="34.133" errors="0" timestamp="2023-03-18T11:47:37 EDT" skipped="0">
  <testcase classname="learningtestNG.Moreconceptsinautomation" name="clickOnSigninLink" time="11.805"/>
  <system-out/>
  <testcase classname="learningtestNG.Moreconceptsinautomation" name="loginCredentials" time="10.489"/>
  <system-out/>
  <testcase classname="learningtestNG.Moreconceptsinautomation" name="clickOnLogoutLink" time="11.839"/>
  <system-out/>
</testsuite> <!-- learningtestNG.Moreconceptsinautomation -->
