<?xml version="1.0" encoding="UTF-8"?>
<!-- Generated by org.testng.reporters.JUnitReportReporter -->
<testsuite hostname="DESKTOP-KIC7M9O" failures="0" tests="7" name="learningtestNG.Invocationpractice1" time="0.026" errors="0" timestamp="2023-03-18T11:39:21 EDT" skipped="0">
  <testcase classname="learningtestNG.Invocationpractice1" name="sample1" time="0.014"/>
  <system-out/>
  <testcase classname="learningtestNG.Invocationpractice1" name="sample2" time="0.003"/>
  <system-out/>
  <testcase classname="learningtestNG.Invocationpractice1" name="sample3" time="0.002"/>
  <system-out/>
  <testcase classname="learningtestNG.Invocationpractice1" name="sample3" time="0.000"/>
  <system-out/>
  <testcase classname="learningtestNG.Invocationpractice1" name="sample3" time="0.001"/>
  <system-out/>
  <testcase classname="learningtestNG.Invocationpractice1" name="sample3" time="0.002"/>
  <system-out/>
  <testcase classname="learningtestNG.Invocationpractice1" name="sample3" time="0.004"/>
  <system-out/>
</testsuite> <!-- learningtestNG.Invocationpractice1 -->
