<?xml version="1.0" encoding="UTF-8"?>
<!-- Generated by org.testng.reporters.JUnitReportReporter -->
<testsuite hostname="DESKTOP-KIC7M9O" failures="0" tests="1" name="com.Facebook.Dropdown.Menu.Morepractice" time="12.370" errors="0" timestamp="2023-04-10T23:51:40 EDT" skipped="0">
  <testcase classname="com.Facebook.Dropdown.Menu.Morepractice" name="CheckNBAScores" time="12.370"/>
  <system-out/>
</testsuite> <!-- com.Facebook.Dropdown.Menu.Morepractice -->
